\BOOKMARK [0][-]{chapter.1}{\376\377\000U\000v\000o\000d}{}% 1
\BOOKMARK [0][-]{chapter.2}{\376\377\000P\000r\000e\000g\000l\000e\000d\000\040\000p\000o\000d\000r\000u\001\015\000j\000a}{}% 2
\BOOKMARK [0][-]{chapter.3}{\376\377\000D\000r\000u\001\141\000t\000v\000e\000n\000a\000\040\000i\000g\000r\000a\000\040\000K\000r\000a\000l\000j\000e\000v\000s\000t\000v\000a}{}% 3
\BOOKMARK [1][-]{section.3.1}{\376\377\000O\000b\000j\000e\000k\000t\000i\000\040\000n\000a\000\040\000i\000g\000r\000a\001\007\000o\000j\000\040\000p\000l\000o\001\015\000i}{chapter.3}% 4
\BOOKMARK [1][-]{section.3.2}{\376\377\000P\000r\000a\000v\000i\000l\000a\000\040\000b\000o\000d\000o\000v\000a\000n\000j\000a}{chapter.3}% 5
\BOOKMARK [0][-]{chapter.4}{\376\377\000A\000r\000h\000i\000t\000e\000k\000t\000u\000r\000a\000\040\000s\000u\000s\000t\000a\000v\000a}{}% 6
\BOOKMARK [1][-]{section.4.1}{\376\377\000D\000e\000t\000e\000k\000c\000i\000j\000a\000\040\000p\000l\000o\001\015\000e}{chapter.4}% 7
\BOOKMARK [2][-]{subsection.4.1.1}{\376\377\000T\000r\000a\001\176\000e\000n\000j\000e\000\040\000u\000g\000l\000o\000v\000a\000\040\000p\000l\000o\001\015\000e}{section.4.1}% 8
\BOOKMARK [2][-]{subsection.4.1.2}{\376\377\000I\000s\000p\000r\000a\000v\000l\000j\000a\000n\000j\000e\000\040\000p\000l\000o\001\015\000e}{section.4.1}% 9
\BOOKMARK [2][-]{subsection.4.1.3}{\376\377\000I\000z\000r\000e\000z\000i\000v\000a\000n\000j\000e\000\040\000p\000o\000l\000j\000a}{section.4.1}% 10
\BOOKMARK [1][-]{section.4.2}{\376\377\000S\000t\000v\000a\000r\000a\000n\000j\000e\000\040\000s\000k\000u\000p\000a\000\040\000p\000o\000d\000a\000t\000a\000k\000a\000\040\000z\000a\000\040\000u\001\015\000e\000n\000j\000e}{chapter.4}% 11
\BOOKMARK [2][-]{subsection.4.2.1}{\376\377\000O\000z\000n\000a\001\015\000a\000v\000a\000n\000j\000e\000\040\000p\000o\000d\000a\000t\000a\000k\000a}{section.4.2}% 12
\BOOKMARK [2][-]{subsection.4.2.2}{\376\377\000K\000a\000r\000a\000k\000t\000e\000r\000i\000s\000t\000i\000k\000e\000\040\000k\000o\000n\000a\001\015\000n\000o\000g\000\040\000s\000k\000u\000p\000a\000\040\000p\000o\000d\000a\000t\000a\000k\000a}{section.4.2}% 13
\BOOKMARK [2][-]{subsection.4.2.3}{\376\377\000P\000o\000d\000j\000e\000l\000a\000\040\000p\000o\000d\000a\000t\000a\000k\000a}{section.4.2}% 14
\BOOKMARK [1][-]{section.4.3}{\376\377\000A\000u\000g\000m\000e\000n\000t\000a\000c\000i\000j\000a}{chapter.4}% 15
\BOOKMARK [2][-]{subsection.4.3.1}{\376\377\000R\000o\000t\000a\000c\000i\000j\000a}{section.4.3}% 16
\BOOKMARK [2][-]{subsection.4.3.2}{\376\377\000K\000o\000n\000t\000r\000a\000s\000t\000\040\000i\000\040\000s\000v\000j\000e\000t\000l\000i\000n\000a}{section.4.3}% 17
\BOOKMARK [2][-]{subsection.4.3.3}{\376\377\000Z\000a\000m\000u\001\007\000e\000n\000j\000e}{section.4.3}% 18
\BOOKMARK [2][-]{subsection.4.3.4}{\376\377\000O\000d\000s\000j\000a\000j}{section.4.3}% 19
\BOOKMARK [2][-]{subsection.4.3.5}{\376\377\000S\000j\000e\000n\000e}{section.4.3}% 20
\BOOKMARK [1][-]{section.4.4}{\376\377\000K\000l\000a\000s\000i\000f\000i\000k\000a\000c\000i\000j\000s\000k\000i\000\040\000m\000o\000d\000e\000l\000i}{chapter.4}% 21
\BOOKMARK [2][-]{subsection.4.4.1}{\376\377\000A\000r\000h\000i\000t\000e\000k\000t\000u\000r\000e\000\040\000m\000o\000d\000e\000l\000a}{section.4.4}% 22
\BOOKMARK [2][-]{subsection.4.4.2}{\376\377\000T\000r\000e\000n\000i\000r\000a\000n\000j\000e\000\040\000m\000o\000d\000e\000l\000a}{section.4.4}% 23
\BOOKMARK [2][-]{subsection.4.4.3}{\376\377\000O\000d\000a\000b\000i\000r\000\040\000h\000i\000p\000o\000t\000e\000z\000a\000\040\000i\000\040\000v\000r\000e\000d\000n\000o\000v\000a\000n\000j\000e\000\040\000m\000o\000d\000e\000l\000a}{section.4.4}% 24
\BOOKMARK [1][-]{section.4.5}{\376\377\000M\000o\000b\000i\000l\000n\000a\000\040\000a\000p\000l\000i\000k\000a\000c\000i\000j\000a\000\040\000z\000a\000\040\000A\000n\000d\000r\000o\000i\000d}{chapter.4}% 25
\BOOKMARK [2][-]{subsection.4.5.1}{\376\377\000P\000r\000o\000g\000r\000a\000m\000s\000k\000i\000\040\000j\000e\000z\000i\000k\000\040\000i\000\040\000r\000a\000d\000n\000i\000\040\000o\000k\000v\000i\000r\000\040\000z\000a\000\040\000r\000a\000z\000v\000o\000j\000\040\000a\000p\000l\000i\000k\000a\000c\000i\000j\000e}{section.4.5}% 26
\BOOKMARK [2][-]{subsection.4.5.2}{\376\377\000R\000a\000d\000n\000i\000\040\000o\000k\000v\000i\000r\000\040\000z\000a\000\040\000k\000o\000r\000i\001\141\000t\000e\000n\000j\000e\000\040\000k\000l\000a\000s\000i\000f\000i\000k\000a\000c\000i\000j\000s\000k\000i\000h\000\040\000m\000o\000d\000e\000l\000a}{section.4.5}% 27
\BOOKMARK [2][-]{subsection.4.5.3}{\376\377\000K\000o\000r\000i\001\141\000t\000e\000n\000j\000e\000\040\000k\000a\000m\000e\000r\000e\000\040\000i\000\040\000p\000r\000i\000s\000t\000u\000p\000\040\000g\000a\000l\000e\000r\000i\000j\000i\000\040\000m\000o\000b\000i\000t\000e\000l\000a}{section.4.5}% 28
\BOOKMARK [2][-]{subsection.4.5.4}{\376\377\000B\000u\000i\000l\000d\000o\000z\000e\000r}{section.4.5}% 29
\BOOKMARK [2][-]{subsection.4.5.5}{\376\377\000R\000e\000z\000u\000l\000t\000a\000n\000t\000n\000a\000\040\000a\000p\000l\000i\000k\000a\000c\000i\000j\000a}{section.4.5}% 30
\BOOKMARK [0][-]{chapter.5}{\376\377\000Z\000a\000k\000l\000j\000u\001\015\000a\000k}{}% 31
\BOOKMARK [0][-]{chapter*.22}{\376\377\000L\000i\000t\000e\000r\000a\000t\000u\000r\000a}{}% 32
\BOOKMARK [0][-]{chapter*.23}{\376\377\000S\000a\001\176\000e\000t\000a\000k}{}% 33
\BOOKMARK [0][-]{chapter*.24}{\376\377\000A\000b\000s\000t\000r\000a\000c\000t}{}% 34
\BOOKMARK [0][-]{chapter.1}{\376\377\000R\000a\000d\000n\000i\000\040\000o\000k\000v\000i\000r\000\040\000z\000a\000\040\000i\000z\000r\000a\000d\000u\000\040\000s\000k\000u\000p\000a\000\040\000p\000o\000d\000a\000t\000a\000k\000a\000\040\000i\000\040\000k\000l\000a\000s\000i\000f\000i\000k\000a\000c\000i\000j\000s\000k\000i\000h\000\040\000m\000o\000d\000e\000l\000a}{}% 35
\BOOKMARK [1][-]{subsection.1.0.1}{\376\377\000R\000a\000d\000\040\000s\000a\000\040\000s\000k\000u\000p\000o\000m\000\040\000p\000o\000d\000a\000t\000a\000k\000a\000\040\000z\000a\000\040\000u\001\015\000e\000n\000j\000e}{chapter.1}% 36
\BOOKMARK [2][-]{subsection.1.0.2}{\376\377\000G\000e\000n\000e\000r\000i\000r\000a\000n\000j\000e\000\040\000p\000r\000i\000m\000j\000e\000r\000a\000\040\000z\000a\000\040\000s\000k\000u\000p\000\040\000p\000o\000d\000a\000t\000a\000k\000a\000\040\000z\000a\000\040\000u\001\015\000e\000n\000j\000e}{subsection.1.0.1}% 37
\BOOKMARK [2][-]{subsection.1.0.3}{\376\377\000O\000z\000n\000a\001\015\000a\000v\000a\000n\000j\000e\000\040\000p\000o\000d\000a\000t\000a\000k\000a}{subsection.1.0.1}% 38
\BOOKMARK [2][-]{subsection.1.0.4}{\376\377\000P\000o\000d\000j\000e\000l\000a\000\040\000p\000o\000d\000a\000t\000a\000k\000a\000\040\000i\000\040\000g\000e\000n\000e\000r\000i\000r\000a\000n\000j\000e\000\040\000p\000o\000g\000l\000e\000d\000a}{subsection.1.0.1}% 39
\BOOKMARK [2][-]{subsection.1.0.5}{\376\377\000T\000e\000s\000t\000i\000r\000a\000n\000j\000e\000\040\000a\000u\000g\000m\000e\000n\000t\000a\000c\000i\000j\000a}{subsection.1.0.1}% 40
\BOOKMARK [1][-]{section.1.1}{\376\377\000R\000a\000d\000\040\000s\000\040\000k\000l\000a\000s\000i\000f\000i\000k\000a\000c\000i\000j\000s\000k\000i\000m\000\040\000m\000o\000d\000e\000l\000i\000m\000a}{chapter.1}% 41
\BOOKMARK [1][-]{section.1.2}{\376\377\000M\000o\000b\000i\000l\000n\000a\000\040\000a\000p\000l\000i\000k\000a\000c\000i\000j\000a}{chapter.1}% 42
