This is pdfTeX, Version 3.141592653-2.6-1.40.25 (TeX Live 2023) (preloaded format=pdflatex 2023.10.23)  25 JUN 2026 16:10
entering extended mode
 restricted \write18 enabled.
 %&-line parsing enabled.
**diplomski_rad.tex
(./diplomski_rad.tex
LaTeX2e <2023-06-01> patch level 1
L3 programming layer <2023-10-10>
(./fer.cls
Document Class: fer 2025/12/12 FER3
(c:/texlive/2023/texmf-dist/tex/latex/base/report.cls
Document Class: report 2023/05/17 v1.4n Standard LaTeX document class
(c:/texlive/2023/texmf-dist/tex/latex/base/size12.clo
File: size12.clo 2023/05/17 v1.4n Standard LaTeX file (size option)
)
\c@part=\count185
\c@chapter=\count186
\c@section=\count187
\c@subsection=\count188
\c@subsubsection=\count189
\c@paragraph=\count190
\c@subparagraph=\count191
\c@figure=\count192
\c@table=\count193
\abovecaptionskip=\skip48
\belowcaptionskip=\skip49
\bibindent=\dimen140
)
(c:/texlive/2023/texmf-dist/tex/generic/ltxcmds/ltxcmds.sty
Package: ltxcmds 2020-05-10 v1.25 LaTeX kernel commands for general use (HO)
)
(c:/texlive/2023/texmf-dist/tex/latex/letltxmacro/letltxmacro.sty
Package: letltxmacro 2019/12/03 v1.6 Let assignment for LaTeX macros (HO)
)
(c:/texlive/2023/texmf-dist/tex/latex/etoolbox/etoolbox.sty
Package: etoolbox 2020/10/05 v2.5k e-TeX tools for LaTeX (JAW)
\etb@tempcnta=\count194
)
(c:/texlive/2023/texmf-dist/tex/latex/base/fontenc.sty
Package: fontenc 2021/04/29 v2.0v Standard LaTeX package
)
(c:/texlive/2023/texmf-dist/tex/latex/base/inputenc.sty
Package: inputenc 2021/02/14 v1.3d Input encoding file
\inpenc@prehook=\toks17
\inpenc@posthook=\toks18
)
(c:/texlive/2023/texmf-dist/tex/latex/opensans/opensans.sty
Package: opensans 2019/06/20 Style file for Open Sans.

(c:/texlive/2023/texmf-dist/tex/latex/fontaxes/fontaxes.sty
Package: fontaxes 2020/07/21 v1.0e Font selection axes
LaTeX Info: Redefining \upshape on input line 29.
LaTeX Info: Redefining \itshape on input line 31.
LaTeX Info: Redefining \slshape on input line 33.
LaTeX Info: Redefining \swshape on input line 35.
LaTeX Info: Redefining \scshape on input line 37.
LaTeX Info: Redefining \sscshape on input line 39.
LaTeX Info: Redefining \ulcshape on input line 41.
LaTeX Info: Redefining \textsw on input line 47.
LaTeX Info: Redefining \textssc on input line 48.
LaTeX Info: Redefining \textulc on input line 49.
)
(c:/texlive/2023/texmf-dist/tex/generic/iftex/ifluatex.sty
Package: ifluatex 2019/10/25 v1.5 ifluatex legacy package. Use iftex instead.

(c:/texlive/2023/texmf-dist/tex/generic/iftex/iftex.sty
Package: iftex 2022/02/03 v1.0f TeX engine tests
))
(c:/texlive/2023/texmf-dist/tex/generic/iftex/ifxetex.sty
Package: ifxetex 2019/10/25 v0.7 ifxetex legacy package. Use iftex instead.
)
(c:/texlive/2023/texmf-dist/tex/latex/xkeyval/xkeyval.sty
Package: xkeyval 2022/06/16 v2.9 package option processing (HA)

(c:/texlive/2023/texmf-dist/tex/generic/xkeyval/xkeyval.tex
(c:/texlive/2023/texmf-dist/tex/generic/xkeyval/xkvutils.tex
\XKV@toks=\toks19
\XKV@tempa@toks=\toks20

(c:/texlive/2023/texmf-dist/tex/generic/xkeyval/keyval.tex))
\XKV@depth=\count195
File: xkeyval.tex 2014/12/03 v2.7a key=value parser (HA)
)))
(c:/texlive/2023/texmf-dist/tex/latex/stix2-type1/stix2.sty
Package: stix2 2021/01/14 v2.0.2-latex STIX Two fonts support package

(c:/texlive/2023/texmf-dist/tex/latex/base/textcomp.sty
Package: textcomp 2020/02/02 v2.0n Standard LaTeX package
LaTeX Font Info:    Changing ? sub-encoding to TS1/0 on input line 78.
)
Now handling font encoding LS1 ...
... no UTF-8 mapping file for font encoding LS1
Now handling font encoding LS2 ...
... no UTF-8 mapping file for font encoding LS2
LaTeX Font Info:    Redeclaring symbol font `letters' on input line 78.
LaTeX Font Info:    Encoding `OML' has changed to `LS1' for symbol font
(Font)              `letters' in the math version `normal' on input line 78.
LaTeX Font Info:    Overwriting symbol font `letters' in version `normal'
(Font)                  OML/cmm/m/it --> LS1/stix2/m/it on input line 78.
LaTeX Font Info:    Encoding `OML' has changed to `LS1' for symbol font
(Font)              `letters' in the math version `bold' on input line 78.
LaTeX Font Info:    Overwriting symbol font `letters' in version `bold'
(Font)                  OML/cmm/b/it --> LS1/stix2/m/it on input line 78.
LaTeX Font Info:    Redeclaring symbol font `operators' on input line 79.
LaTeX Font Info:    Encoding `OT1' has changed to `LS1' for symbol font
(Font)              `operators' in the math version `normal' on input line 79.
LaTeX Font Info:    Overwriting symbol font `operators' in version `normal'
(Font)                  OT1/cmr/m/n --> LS1/stix2/m/n on input line 79.
LaTeX Font Info:    Encoding `OT1' has changed to `LS1' for symbol font
(Font)              `operators' in the math version `bold' on input line 79.
LaTeX Font Info:    Overwriting symbol font `operators' in version `bold'
(Font)                  OT1/cmr/bx/n --> LS1/stix2/m/n on input line 79.
\symbold-operators=\mathgroup4
LaTeX Font Info:    Redeclaring symbol font `symbols' on input line 81.
LaTeX Font Info:    Encoding `OMS' has changed to `LS1' for symbol font
(Font)              `symbols' in the math version `normal' on input line 81.
LaTeX Font Info:    Overwriting symbol font `symbols' in version `normal'
(Font)                  OMS/cmsy/m/n --> LS1/stix2scr/m/n on input line 81.
LaTeX Font Info:    Encoding `OMS' has changed to `LS1' for symbol font
(Font)              `symbols' in the math version `bold' on input line 81.
LaTeX Font Info:    Overwriting symbol font `symbols' in version `bold'
(Font)                  OMS/cmsy/b/n --> LS1/stix2scr/m/n on input line 81.
\symsymbols2=\mathgroup5
\symsymbols3=\mathgroup6
\symsymbols4=\mathgroup7
\symintegrals=\mathgroup8
LaTeX Font Info:    Redeclaring symbol font `largesymbols' on input line 86.
LaTeX Font Info:    Encoding `OMX' has changed to `LS2' for symbol font
(Font)              `largesymbols' in the math version `normal' on input line 8
6.
LaTeX Font Info:    Overwriting symbol font `largesymbols' in version `normal'
(Font)                  OMX/cmex/m/n --> LS2/stix2ex/m/n on input line 86.
LaTeX Font Info:    Encoding `OMX' has changed to `LS2' for symbol font
(Font)              `largesymbols' in the math version `bold' on input line 86.

LaTeX Font Info:    Overwriting symbol font `largesymbols' in version `bold'
(Font)                  OMX/cmex/m/n --> LS2/stix2ex/m/n on input line 86.
\symarrows1=\mathgroup9
\symarrows2=\mathgroup10
\symarrows3=\mathgroup11
LaTeX Font Info:    Overwriting symbol font `letters' in version `bold'
(Font)                  LS1/stix2/m/it --> LS1/stix2/b/it on input line 90.
LaTeX Font Info:    Overwriting symbol font `operators' in version `bold'
(Font)                  LS1/stix2/m/n --> LS1/stix2/b/n on input line 91.
LaTeX Font Info:    Overwriting symbol font `symbols' in version `bold'
(Font)                  LS1/stix2scr/m/n --> LS1/stix2scr/b/n on input line 92.

LaTeX Font Info:    Overwriting symbol font `symbols2' in version `bold'
(Font)                  LS1/stix2frak/m/n --> LS1/stix2frak/b/n on input line 9
3.
LaTeX Font Info:    Overwriting symbol font `symbols3' in version `bold'
(Font)                  LS1/stix2bb/m/n --> LS1/stix2bb/b/n on input line 94.
LaTeX Font Info:    Overwriting symbol font `symbols4' in version `bold'
(Font)                  LS1/stix2bb/m/it --> LS1/stix2bb/b/it on input line 95.

LaTeX Font Info:    Overwriting symbol font `integrals' in version `bold'
(Font)                  LS2/stix2cal/m/n --> LS2/stix2cal/b/n on input line 96.

LaTeX Font Info:    Overwriting symbol font `largesymbols' in version `bold'
(Font)                  LS2/stix2ex/m/n --> LS2/stix2ex/b/n on input line 97.
LaTeX Font Info:    Overwriting symbol font `arrows1' in version `bold'
(Font)                  LS1/stix2sf/m/n --> LS1/stix2sf/b/n on input line 98.
LaTeX Font Info:    Overwriting symbol font `arrows2' in version `bold'
(Font)                  LS1/stix2sf/m/it --> LS1/stix2sf/b/it on input line 99.

LaTeX Font Info:    Overwriting symbol font `arrows3' in version `bold'
(Font)                  LS2/stix2tt/m/n --> LS2/stix2tt/b/n on input line 100.
LaTeX Font Info:    Redeclaring math alphabet \mathit on input line 101.
LaTeX Font Info:    Redeclaring math alphabet \mathsf on input line 107.
LaTeX Font Info:    Redeclaring math alphabet \mathtt on input line 109.
LaTeX Font Info:    Redeclaring math alphabet \mathbf on input line 110.
LaTeX Font Info:    Redeclaring math symbol \hbar on input line 226.
LaTeX Font Info:    Redeclaring math accent \grave on input line 697.
LaTeX Font Info:    Redeclaring math accent \acute on input line 698.
LaTeX Font Info:    Redeclaring math accent \hat on input line 699.
LaTeX Font Info:    Redeclaring math accent \tilde on input line 700.
LaTeX Font Info:    Redeclaring math accent \bar on input line 701.
LaTeX Font Info:    Redeclaring math accent \breve on input line 702.
LaTeX Font Info:    Redeclaring math accent \dot on input line 703.
LaTeX Font Info:    Redeclaring math accent \ddot on input line 704.
LaTeX Font Info:    Redeclaring math accent \mathring on input line 706.
LaTeX Font Info:    Redeclaring math accent \check on input line 707.
LaTeX Font Info:    Redeclaring math accent \vec on input line 715.
LaTeX Font Info:    Redeclaring math accent \widehat on input line 727.
LaTeX Font Info:    Redeclaring math accent \widetilde on input line 728.
LaTeX Info: Redefining \vdots on input line 1517.
LaTeX Info: Redefining \cdots on input line 1521.
LaTeX Font Info:    Redeclaring math symbol \mathsterling on input line 1977.
LaTeX Info: Redefining \not on input line 2141.
)
(c:/texlive/2023/texmf-dist/tex/generic/pdftex/glyphtounicode.tex)
(c:/texlive/2023/texmf-dist/tex/generic/babel/babel.sty
Package: babel 2023/09/29 v3.95 The Babel package
\babel@savecnt=\count196
\U@D=\dimen141
\l@unhyphenated=\language89

(c:/texlive/2023/texmf-dist/tex/generic/babel/txtbabel.def)
\bbl@readstream=\read2
\bbl@dirlevel=\count197
Package babel Info: Main language set with 'main='. Except if you have
(babel)             problems, prefer the default mechanism for setting
(babel)             the main language, ie, as the last declared.
(babel)             Reported on input line 4203.

(c:/texlive/2023/texmf-dist/tex/generic/babel-english/english.ldf
Language: english 2017/06/06 v3.3r English support from the babel system
Package babel Info: Hyphen rules for 'canadian' set to \l@english
(babel)             (\language0). Reported on input line 102.
Package babel Info: Hyphen rules for 'australian' set to \l@ukenglish
(babel)             (\language23). Reported on input line 105.
Package babel Info: Hyphen rules for 'newzealand' set to \l@ukenglish
(babel)             (\language23). Reported on input line 108.
)
(c:/texlive/2023/texmf-dist/tex/generic/babel-croatian/croatian.ldf
Language: croatian 2014/03/31 v1.3m Croatian support from the babel system
))
(c:/texlive/2023/texmf-dist/tex/generic/babel/locale/hr/babel-croatian.tex
Package babel Info: Importing font and identification data for croatian
(babel)             from babel-hr.ini. Reported on input line 11.
)
(c:/texlive/2023/texmf-dist/tex/generic/babel/locale/en/babel-english.tex
Package babel Info: Importing font and identification data for english
(babel)             from babel-en.ini. Reported on input line 11.
)
(c:/texlive/2023/texmf-dist/tex/latex/geometry/geometry.sty
Package: geometry 2020/01/02 v5.9 Page Geometry

(c:/texlive/2023/texmf-dist/tex/generic/iftex/ifvtex.sty
Package: ifvtex 2019/10/25 v1.7 ifvtex legacy package. Use iftex instead.
)
\Gm@cnth=\count198
\Gm@cntv=\count199
\c@Gm@tempcnt=\count266
\Gm@bindingoffset=\dimen142
\Gm@wd@mp=\dimen143
\Gm@odd@mp=\dimen144
\Gm@even@mp=\dimen145
\Gm@layoutwidth=\dimen146
\Gm@layoutheight=\dimen147
\Gm@layouthoffset=\dimen148
\Gm@layoutvoffset=\dimen149
\Gm@dimlist=\toks21
)
(c:/texlive/2023/texmf-dist/tex/latex/setspace/setspace.sty
Package: setspace 2022/12/04 v6.7b set line spacing
)
(c:/texlive/2023/texmf-dist/tex/latex/parskip/parskip.sty
Package: parskip 2021-03-14 v2.0h non-zero parskip adjustments

(c:/texlive/2023/texmf-dist/tex/latex/kvoptions/kvoptions.sty
Package: kvoptions 2022-06-15 v3.15 Key value format for package options (HO)

(c:/texlive/2023/texmf-dist/tex/latex/kvsetkeys/kvsetkeys.sty
Package: kvsetkeys 2022-10-05 v1.19 Key value parser (HO)
)))
(c:/texlive/2023/texmf-dist/tex/latex/pdfpages/pdfpages.sty
Package: pdfpages 2022/12/19 v0.5x Insert pages of external PDF documents (AM)

(c:/texlive/2023/texmf-dist/tex/latex/base/ifthen.sty
Package: ifthen 2022/04/13 v1.1d Standard LaTeX ifthen package (DPC)
)
(c:/texlive/2023/texmf-dist/tex/latex/tools/calc.sty
Package: calc 2017/05/25 v4.3 Infix arithmetic (KKT,FJ)
\calc@Acount=\count267
\calc@Bcount=\count268
\calc@Adimen=\dimen150
\calc@Bdimen=\dimen151
\calc@Askip=\skip50
\calc@Bskip=\skip51
LaTeX Info: Redefining \setlength on input line 80.
LaTeX Info: Redefining \addtolength on input line 81.
\calc@Ccount=\count269
\calc@Cskip=\skip52
)
(c:/texlive/2023/texmf-dist/tex/latex/eso-pic/eso-pic.sty
Package: eso-pic 2023/05/03 v3.0c eso-pic (RN)
\ESO@tempdima=\dimen152
\ESO@tempdimb=\dimen153

(c:/texlive/2023/texmf-dist/tex/latex/xcolor/xcolor.sty
Package: xcolor 2022/06/12 v2.14 LaTeX color extensions (UK)

(c:/texlive/2023/texmf-dist/tex/latex/graphics-cfg/color.cfg
File: color.cfg 2016/01/02 v1.6 sample color configuration
)
Package xcolor Info: Driver file: pdftex.def on input line 227.

(c:/texlive/2023/texmf-dist/tex/latex/graphics-def/pdftex.def
File: pdftex.def 2022/09/22 v1.2b Graphics/color driver for pdftex
)
(c:/texlive/2023/texmf-dist/tex/latex/graphics/mathcolor.ltx)
Package xcolor Info: Model `cmy' substituted by `cmy0' on input line 1353.
Package xcolor Info: Model `hsb' substituted by `rgb' on input line 1357.
Package xcolor Info: Model `RGB' extended on input line 1369.
Package xcolor Info: Model `HTML' substituted by `rgb' on input line 1371.
Package xcolor Info: Model `Hsb' substituted by `hsb' on input line 1372.
Package xcolor Info: Model `tHsb' substituted by `hsb' on input line 1373.
Package xcolor Info: Model `HSB' substituted by `hsb' on input line 1374.
Package xcolor Info: Model `Gray' substituted by `gray' on input line 1375.
Package xcolor Info: Model `wave' substituted by `hsb' on input line 1376.
))
(c:/texlive/2023/texmf-dist/tex/latex/graphics/graphicx.sty
Package: graphicx 2021/09/16 v1.2d Enhanced LaTeX Graphics (DPC,SPQR)

(c:/texlive/2023/texmf-dist/tex/latex/graphics/graphics.sty
Package: graphics 2022/03/10 v1.4e Standard LaTeX Graphics (DPC,SPQR)

(c:/texlive/2023/texmf-dist/tex/latex/graphics/trig.sty
Package: trig 2021/08/11 v1.11 sin cos tan (DPC)
)
(c:/texlive/2023/texmf-dist/tex/latex/graphics-cfg/graphics.cfg
File: graphics.cfg 2016/06/04 v1.11 sample graphics configuration
)
Package graphics Info: Driver file: pdftex.def on input line 107.
)
\Gin@req@height=\dimen154
\Gin@req@width=\dimen155
)
\AM@pagewidth=\dimen156
\AM@pageheight=\dimen157
\AM@fboxrule=\dimen158

(c:/texlive/2023/texmf-dist/tex/latex/pdfpages/pppdftex.def
File: pppdftex.def 2022/12/19 v0.5x Pdfpages driver for pdfTeX (AM)
)
\pdfpages@includegraphics@status=\count270
\AM@pagebox=\box51
\AM@global@opts=\toks22
\AM@pagecnt=\count271
\AM@toc@title=\toks23
\AM@lof@heading=\toks24
\c@AM@survey=\count272
\AM@templatesizebox=\box52
)
(c:/texlive/2023/texmf-dist/tex/latex/caption/caption.sty
Package: caption 2023/08/05 v3.6o Customizing captions (AR)

(c:/texlive/2023/texmf-dist/tex/latex/caption/caption3.sty
Package: caption3 2023/07/31 v2.4d caption3 kernel (AR)
\caption@tempdima=\dimen159
\captionmargin=\dimen160
\caption@leftmargin=\dimen161
\caption@rightmargin=\dimen162
\caption@width=\dimen163
\caption@indent=\dimen164
\caption@parindent=\dimen165
\caption@hangindent=\dimen166
Package caption Info: Standard document class detected.
)
\c@caption@flags=\count273
\c@continuedfloat=\count274
)
(c:/texlive/2023/texmf-dist/tex/latex/amsfonts/amssymb.sty
Package: amssymb 2013/01/14 v3.01 AMS font symbols

(c:/texlive/2023/texmf-dist/tex/latex/amsfonts/amsfonts.sty
Package: amsfonts 2013/01/14 v3.01 Basic AMSFonts support
\@emptytoks=\toks25
\symAMSa=\mathgroup12
\symAMSb=\mathgroup13
)

Package amssymb Warning: The 'amssymb' package is redundant when you are using 
the 'stix' package, so I'm not going to load amssymb.

) (c:/texlive/2023/texmf-dist/tex/latex/amsmath/amsmath.sty
Package: amsmath 2023/05/13 v2.17o AMS math features
\@mathmargin=\skip53

For additional information on amsmath, use the `?' option.
(c:/texlive/2023/texmf-dist/tex/latex/amsmath/amstext.sty
Package: amstext 2021/08/26 v2.01 AMS text

(c:/texlive/2023/texmf-dist/tex/latex/amsmath/amsgen.sty
File: amsgen.sty 1999/11/30 v2.0 generic functions
\@emptytoks=\toks26
\ex@=\dimen167
))
(c:/texlive/2023/texmf-dist/tex/latex/amsmath/amsbsy.sty
Package: amsbsy 1999/11/29 v1.2d Bold Symbols
\pmbraise@=\dimen168
)
(c:/texlive/2023/texmf-dist/tex/latex/amsmath/amsopn.sty
Package: amsopn 2022/04/08 v2.04 operator names
)
\inf@bad=\count275
LaTeX Info: Redefining \frac on input line 234.
\uproot@=\count276
\leftroot@=\count277
LaTeX Info: Redefining \overline on input line 399.
LaTeX Info: Redefining \colon on input line 410.
\classnum@=\count278
\DOTSCASE@=\count279
LaTeX Info: Redefining \ldots on input line 496.
LaTeX Info: Redefining \dots on input line 499.
\Mathstrutbox@=\box53
\strutbox@=\box54
LaTeX Info: Redefining \big on input line 722.
LaTeX Info: Redefining \Big on input line 723.
LaTeX Info: Redefining \bigg on input line 724.
LaTeX Info: Redefining \Bigg on input line 725.
\big@size=\dimen169
LaTeX Font Info:    Redeclaring font encoding OML on input line 743.
LaTeX Font Info:    Redeclaring font encoding OMS on input line 744.
\macc@depth=\count280
LaTeX Info: Redefining \bmod on input line 905.
LaTeX Info: Redefining \pmod on input line 910.
LaTeX Info: Redefining \smash on input line 940.
\c@MaxMatrixCols=\count281
\dotsspace@=\muskip16
\c@parentequation=\count282
\dspbrk@lvl=\count283
\tag@help=\toks27
\row@=\count284
\column@=\count285
\maxfields@=\count286
\andhelp@=\toks28
\eqnshift@=\dimen170
\alignsep@=\dimen171
\tagshift@=\dimen172
\tagwidth@=\dimen173
\totwidth@=\dimen174
\lineht@=\dimen175
\@envbody=\toks29
\multlinegap=\skip54
\multlinetaggap=\skip55
\mathdisplay@stack=\toks30
LaTeX Info: Redefining \[ on input line 2953.
LaTeX Info: Redefining \] on input line 2954.
)
(c:/texlive/2023/texmf-dist/tex/latex/tocbibind/tocbibind.sty
Package: tocbibind 2010/10/13 v1.5k extra ToC listings
Package tocbibind Info: The document has chapter divisions on input line 50.


Package tocbibind Note: Using chapter style headings, unless overridden.

) (c:/texlive/2023/texmf-dist/tex/latex/hyperref/hyperref.sty
Package: hyperref 2023-07-08 v7.01b Hypertext links for LaTeX

(c:/texlive/2023/texmf-dist/tex/generic/pdftexcmds/pdftexcmds.sty
Package: pdftexcmds 2020-06-27 v0.33 Utility functions of pdfTeX for LuaTeX (HO
)

(c:/texlive/2023/texmf-dist/tex/generic/infwarerr/infwarerr.sty
Package: infwarerr 2019/12/03 v1.5 Providing info/warning/error messages (HO)
)
Package pdftexcmds Info: \pdf@primitive is available.
Package pdftexcmds Info: \pdf@ifprimitive is available.
Package pdftexcmds Info: \pdfdraftmode found.
)
(c:/texlive/2023/texmf-dist/tex/generic/kvdefinekeys/kvdefinekeys.sty
Package: kvdefinekeys 2019-12-19 v1.6 Define keys (HO)
)
(c:/texlive/2023/texmf-dist/tex/generic/pdfescape/pdfescape.sty
Package: pdfescape 2019/12/09 v1.15 Implements pdfTeX's escape features (HO)
)
(c:/texlive/2023/texmf-dist/tex/latex/hycolor/hycolor.sty
Package: hycolor 2020-01-27 v1.10 Color options for hyperref/bookmark (HO)
)
(c:/texlive/2023/texmf-dist/tex/latex/auxhook/auxhook.sty
Package: auxhook 2019-12-17 v1.6 Hooks for auxiliary files (HO)
)
(c:/texlive/2023/texmf-dist/tex/latex/hyperref/nameref.sty
Package: nameref 2023-08-07 v2.53 Cross-referencing by name of section

(c:/texlive/2023/texmf-dist/tex/latex/refcount/refcount.sty
Package: refcount 2019/12/15 v3.6 Data extraction from label references (HO)
)
(c:/texlive/2023/texmf-dist/tex/generic/gettitlestring/gettitlestring.sty
Package: gettitlestring 2019/12/15 v1.6 Cleanup title references (HO)
)
\c@section@level=\count287
)
\@linkdim=\dimen176
\Hy@linkcounter=\count288
\Hy@pagecounter=\count289

(c:/texlive/2023/texmf-dist/tex/latex/hyperref/pd1enc.def
File: pd1enc.def 2023-07-08 v7.01b Hyperref: PDFDocEncoding definition (HO)
Now handling font encoding PD1 ...
... no UTF-8 mapping file for font encoding PD1
)
(c:/texlive/2023/texmf-dist/tex/generic/intcalc/intcalc.sty
Package: intcalc 2019/12/15 v1.3 Expandable calculations with integers (HO)
)
\Hy@SavedSpaceFactor=\count290

(c:/texlive/2023/texmf-dist/tex/latex/hyperref/puenc.def
File: puenc.def 2023-07-08 v7.01b Hyperref: PDF Unicode definition (HO)
Now handling font encoding PU ...
... no UTF-8 mapping file for font encoding PU
)
Package hyperref Info: Option `pdfpagelabels' set `true' on input line 4050.
Package hyperref Info: Option `unicode' set `true' on input line 4050.
Package hyperref Info: Option `pdfa' set `true' on input line 4050.
Package hyperref Info: Hyper figures OFF on input line 4167.
Package hyperref Info: Link nesting OFF on input line 4172.
Package hyperref Info: Hyper index ON on input line 4175.
Package hyperref Info: Plain pages OFF on input line 4182.
Package hyperref Info: Backreferencing OFF on input line 4187.
Package hyperref Info: Implicit mode ON; LaTeX internals redefined.
Package hyperref Info: Bookmarks ON on input line 4434.
\c@Hy@tempcnt=\count291

(c:/texlive/2023/texmf-dist/tex/latex/url/url.sty
\Urlmuskip=\muskip17
Package: url 2013/09/16  ver 3.4  Verb mode for urls, etc.
)
LaTeX Info: Redefining \url on input line 4772.
\XeTeXLinkMargin=\dimen177

(c:/texlive/2023/texmf-dist/tex/generic/bitset/bitset.sty
Package: bitset 2019/12/09 v1.3 Handle bit-vector datatype (HO)

(c:/texlive/2023/texmf-dist/tex/generic/bigintcalc/bigintcalc.sty
Package: bigintcalc 2019/12/15 v1.5 Expandable calculations on big integers (HO
)
))
\Fld@menulength=\count292
\Field@Width=\dimen178
\Fld@charsize=\dimen179
Package hyperref Info: Hyper figures OFF on input line 6051.
Package hyperref Info: Link nesting OFF on input line 6056.
Package hyperref Info: Hyper index ON on input line 6059.
Package hyperref Info: backreferencing OFF on input line 6066.
Package hyperref Info: Link coloring OFF on input line 6071.
Package hyperref Info: Link coloring with OCG OFF on input line 6076.
Package hyperref Info: PDF/A mode ON on input line 6079.

(c:/texlive/2023/texmf-dist/tex/latex/base/atbegshi-ltx.sty
Package: atbegshi-ltx 2021/01/10 v1.0c Emulation of the original atbegshi
package with kernel methods
)
\Hy@abspage=\count293
\c@Item=\count294
\c@Hfootnote=\count295
)
Package hyperref Info: Driver (autodetected): hpdftex.

(c:/texlive/2023/texmf-dist/tex/latex/hyperref/hpdftex.def
File: hpdftex.def 2023-07-08 v7.01b Hyperref driver for pdfTeX

(c:/texlive/2023/texmf-dist/tex/latex/base/atveryend-ltx.sty
Package: atveryend-ltx 2020/08/19 v1.0a Emulation of the original atveryend pac
kage
with kernel methods
)
\Fld@listcount=\count296
\c@bookmark@seq@number=\count297

(c:/texlive/2023/texmf-dist/tex/latex/rerunfilecheck/rerunfilecheck.sty
Package: rerunfilecheck 2022-07-10 v1.10 Rerun checks for auxiliary files (HO)

(c:/texlive/2023/texmf-dist/tex/generic/uniquecounter/uniquecounter.sty
Package: uniquecounter 2019/12/15 v1.4 Provide unlimited unique counter (HO)
)
Package uniquecounter Info: New unique counter `rerunfilecheck' on input line 2
85.
)
\Hy@SectionHShift=\skip56
))
(c:/texlive/2023/texmf-dist/tex/latex/blindtext/blindtext.sty
Package: blindtext 2012/01/06 V2.0 blindtext-Package

(c:/texlive/2023/texmf-dist/tex/latex/tools/xspace.sty
Package: xspace 2014/10/28 v1.13 Space after command names (DPC,MH)
)
\c@blindtext=\count298
\c@Blindtext=\count299
\c@blind@countparstart=\count300
\blind@countxx=\count301
\blindtext@numBlindtext=\count302
\blind@countyy=\count303
\c@blindlist=\count304
\c@blindlistlevel=\count305
\c@blindlist@level=\count306
\blind@listitem=\count307
\c@blind@listcount=\count308
\c@blind@levelcount=\count309
\blind@mathformula=\count310
\blind@Mathformula=\count311
\c@blind@randomcount=\count312
\c@blind@randommax=\count313
\c@blind@pangramcount=\count314
\c@blind@pangrammax=\count315
)
(c:/texlive/2023/texmf-dist/tex/latex/makecell/makecell.sty
Package: makecell 2009/08/03 V0.1e Managing of Tab Column Heads and Cells

(c:/texlive/2023/texmf-dist/tex/latex/tools/array.sty
Package: array 2022/09/04 v2.5g Tabular extension package (FMi)
\col@sep=\dimen180
\ar@mcellbox=\box55
\extrarowheight=\dimen181
\NC@list=\toks31
\extratabsurround=\skip57
\backup@length=\skip58
\ar@cellbox=\box56
)
\rotheadsize=\dimen182
\c@nlinenum=\count316
\TeXr@lab=\toks32
)
(c:/texlive/2023/texmf-dist/tex/latex/adjustbox/adjustbox.sty
Package: adjustbox 2022/10/17 v1.3a Adjusting TeX boxes (trim, clip, ...)

(c:/texlive/2023/texmf-dist/tex/latex/adjustbox/adjcalc.sty
Package: adjcalc 2012/05/16 v1.1 Provides advanced setlength with multiple back
-ends (calc, etex, pgfmath)
)
(c:/texlive/2023/texmf-dist/tex/latex/adjustbox/trimclip.sty
Package: trimclip 2020/08/19 v1.2 Trim and clip general TeX material

(c:/texlive/2023/texmf-dist/tex/latex/collectbox/collectbox.sty
Package: collectbox 2022/10/17 v0.4c Collect macro arguments as boxes
\collectedbox=\box57
)
\tc@llx=\dimen183
\tc@lly=\dimen184
\tc@urx=\dimen185
\tc@ury=\dimen186
Package trimclip Info: Using driver 'tc-pdftex.def'.

(c:/texlive/2023/texmf-dist/tex/latex/adjustbox/tc-pdftex.def
File: tc-pdftex.def 2019/01/04 v2.2 Clipping driver for pdftex
))
\adjbox@Width=\dimen187
\adjbox@Height=\dimen188
\adjbox@Depth=\dimen189
\adjbox@Totalheight=\dimen190
\adjbox@pwidth=\dimen191
\adjbox@pheight=\dimen192
\adjbox@pdepth=\dimen193
\adjbox@ptotalheight=\dimen194

(c:/texlive/2023/texmf-dist/tex/latex/ifoddpage/ifoddpage.sty
Package: ifoddpage 2022/10/18 v1.2 Conditionals for odd/even page detection
\c@checkoddpage=\count317
)
(c:/texlive/2023/texmf-dist/tex/latex/varwidth/varwidth.sty
Package: varwidth 2009/03/30 ver 0.92;  Variable-width minipages
\@vwid@box=\box58
\sift@deathcycles=\count318
\@vwid@loff=\dimen195
\@vwid@roff=\dimen196
))
(c:/texlive/2023/texmf-dist/tex/latex/booktabs/booktabs.sty
Package: booktabs 2020/01/12 v1.61803398 Publication quality tables
\heavyrulewidth=\dimen197
\lightrulewidth=\dimen198
\cmidrulewidth=\dimen199
\belowrulesep=\dimen256
\belowbottomsep=\dimen257
\aboverulesep=\dimen258
\abovetopsep=\dimen259
\cmidrulesep=\dimen260
\cmidrulekern=\dimen261
\defaultaddspace=\dimen262
\@cmidla=\count319
\@cmidlb=\count320
\@aboverulesep=\dimen263
\@belowrulesep=\dimen264
\@thisruleclass=\count321
\@lastruleclass=\count322
\@thisrulewidth=\dimen265
)
(c:/texlive/2023/texmf-dist/tex/latex/caption/subcaption.sty
Package: subcaption 2023/07/28 v1.6b Sub-captions (AR)
Package caption Info: New subtype `subfigure' on input line 238.
\c@subfigure=\count323
Package caption Info: New subtype `subtable' on input line 238.
\c@subtable=\count324
)
LaTeX Font Info:    Trying to load font information for T1+stix2 on input line 
41.

(c:/texlive/2023/texmf-dist/tex/latex/stix2-type1/t1stix2.fd
File: t1stix2.fd 2018/04/02 v2.0.0-latex stix2 T1 font definitions
)
(c:/texlive/2023/texmf-dist/tex/latex/l3backend/l3backend-pdftex.def
File: l3backend-pdftex.def 2023-10-10 L3 backend support: PDF output (pdfTeX)
\l__color_backend_stack_int=\count325
\l__pdf_internal_box=\box59
)
(./diplomski_rad.aux)
\openout1 = `diplomski_rad.aux'.

LaTeX Font Info:    Checking defaults for OML/cmm/m/it on input line 41.
LaTeX Font Info:    ... okay on input line 41.
LaTeX Font Info:    Checking defaults for OMS/cmsy/m/n on input line 41.
LaTeX Font Info:    ... okay on input line 41.
LaTeX Font Info:    Checking defaults for OT1/cmr/m/n on input line 41.
LaTeX Font Info:    ... okay on input line 41.
LaTeX Font Info:    Checking defaults for T1/cmr/m/n on input line 41.
LaTeX Font Info:    ... okay on input line 41.
LaTeX Font Info:    Checking defaults for TS1/cmr/m/n on input line 41.
LaTeX Font Info:    ... okay on input line 41.
LaTeX Font Info:    Checking defaults for OMX/cmex/m/n on input line 41.
LaTeX Font Info:    ... okay on input line 41.
LaTeX Font Info:    Checking defaults for U/cmr/m/n on input line 41.
LaTeX Font Info:    ... okay on input line 41.
LaTeX Font Info:    Checking defaults for LS1/stix2/m/n on input line 41.
LaTeX Font Info:    Trying to load font information for LS1+stix2 on input line
 41.

(c:/texlive/2023/texmf-dist/tex/latex/stix2-type1/ls1stix2.fd
File: ls1stix2.fd 2018/04/02 v2.0.0-latex stix2 LS1 font definitions
)
LaTeX Font Info:    ... okay on input line 41.
LaTeX Font Info:    Checking defaults for LS2/stix2/m/n on input line 41.
LaTeX Font Info:    Trying to load font information for LS2+stix2 on input line
 41.

(c:/texlive/2023/texmf-dist/tex/latex/stix2-type1/ls2stix2.fd
File: ls2stix2.fd 2018/04/02 v2.0.0-latex stix2 LS2 font definitions
)
LaTeX Font Info:    ... okay on input line 41.
LaTeX Font Info:    Checking defaults for PD1/pdf/m/n on input line 41.
LaTeX Font Info:    ... okay on input line 41.
LaTeX Font Info:    Checking defaults for PU/pdf/m/n on input line 41.
LaTeX Font Info:    ... okay on input line 41.
\c@mv@tabular=\count326
\c@mv@boldtabular=\count327

*geometry* driver: auto-detecting
*geometry* detected driver: pdftex
*geometry* verbose mode - [ preamble ] result:
* driver: pdftex
* paper: a4paper
* layout: <same size as paper>
* layoutoffset:(h,v)=(0.0pt,0.0pt)
* modes: 
* h-part:(L,W,R)=(85.35826pt, 441.01773pt, 71.13188pt)
* v-part:(T,H,B)=(71.13188pt, 702.78308pt, 71.13188pt)
* \paperwidth=597.50787pt
* \paperheight=845.04684pt
* \textwidth=441.01773pt
* \textheight=702.78308pt
* \oddsidemargin=13.08827pt
* \evensidemargin=13.08827pt
* \topmargin=-38.1381pt
* \headheight=12.0pt
* \headsep=25.0pt
* \topskip=12.0pt
* \footskip=30.0pt
* \marginparwidth=44.0pt
* \marginparsep=10.0pt
* \columnsep=10.0pt
* \skip\footins=10.8pt plus 4.0pt minus 2.0pt
* \hoffset=0.0pt
* \voffset=0.0pt
* \mag=1000
* \@twocolumnfalse
* \@twosidefalse
* \@mparswitchfalse
* \@reversemarginfalse
* (1in=72.27pt=25.4mm, 1cm=28.453pt)

(c:/texlive/2023/texmf-dist/tex/context/base/mkii/supp-pdf.mkii
[Loading MPS to PDF converter (version 2006.09.02).]
\scratchcounter=\count328
\scratchdimen=\dimen266
\scratchbox=\box60
\nofMPsegments=\count329
\nofMParguments=\count330
\everyMPshowfont=\toks33
\MPscratchCnt=\count331
\MPscratchDim=\dimen267
\MPnumerator=\count332
\makeMPintoPDFobject=\count333
\everyMPtoPDFconversion=\toks34
) (c:/texlive/2023/texmf-dist/tex/latex/epstopdf-pkg/epstopdf-base.sty
Package: epstopdf-base 2020-01-24 v2.11 Base part for package epstopdf
Package epstopdf-base Info: Redefining graphics rule for `.eps' on input line 4
85.

(c:/texlive/2023/texmf-dist/tex/latex/latexconfig/epstopdf-sys.cfg
File: epstopdf-sys.cfg 2010/07/13 v1.3 Configuration of (r)epstopdf for TeX Liv
e
))
(c:/texlive/2023/texmf-dist/tex/latex/pdflscape/pdflscape.sty
Package: pdflscape 2022-10-27 v0.13 Display of landscape pages in PDF

(c:/texlive/2023/texmf-dist/tex/latex/pdflscape/pdflscape-nometadata.sty
Package: pdflscape-nometadata 2022-10-28 v0.13 Display of landscape pages in PD
F (HO)

(c:/texlive/2023/texmf-dist/tex/latex/graphics/lscape.sty
Package: lscape 2020/05/28 v3.02 Landscape Pages (DPC)
)
Package pdflscape Info: Auto-detected driver: pdftex on input line 81.
))
Package caption Info: Begin \AtBeginDocument code.
Package caption Info: hyperref package is loaded.
Package caption Info: End \AtBeginDocument code.
LaTeX Info: Command `\dddot' is already robust on input line 41.
LaTeX Info: Command `\ddddot' is already robust on input line 41.
Package hyperref Info: Link coloring OFF on input line 41.

(./diplomski_rad.out) (./diplomski_rad.out)
\@outlinefile=\write3
\openout3 = `diplomski_rad.out'.

LaTeX Font Info:    Trying to load font information for T1+opensans-TLF on inpu
t line 45.

(c:/texlive/2023/texmf-dist/tex/latex/opensans/T1opensans-TLF.fd
File: T1opensans-TLF.fd 2019/06/24 Font definitions for T1/opensans-TLF.
)
LaTeX Font Info:    Font shape `T1/opensans-TLF/m/n' will be
(Font)              scaled to size 14.0pt on input line 45.
LaTeX Font Info:    Font shape `T1/opensans-TLF/bx/n' in size <14> not availabl
e
(Font)              Font shape `T1/opensans-TLF/b/n' tried instead on input lin
e 45.
LaTeX Font Info:    Font shape `T1/opensans-TLF/b/n' will be
(Font)              scaled to size 14.0pt on input line 45.
LaTeX Font Info:    Font shape `T1/opensans-TLF/bx/n' in size <20> not availabl
e
(Font)              Font shape `T1/opensans-TLF/b/n' tried instead on input lin
e 45.
LaTeX Font Info:    Font shape `T1/opensans-TLF/b/n' will be
(Font)              scaled to size 20.0pt on input line 45.
LaTeX Font Info:    Calculating math sizes for size <14> on input line 45.
LaTeX Font Info:    Trying to load font information for LS1+stix2scr on input l
ine 45.

(c:/texlive/2023/texmf-dist/tex/latex/stix2-type1/ls1stix2scr.fd
File: ls1stix2scr.fd 2018/04/02 v2.0.0-latex stix2 script LS1 font definitions
)
LaTeX Font Info:    Trying to load font information for LS2+stix2ex on input li
ne 45.

(c:/texlive/2023/texmf-dist/tex/latex/stix2-type1/ls2stix2ex.fd
File: ls2stix2ex.fd 2018/04/02 v2.0.0-latex stix2 extentions LS2 font definitio
ns
)
LaTeX Font Info:    Trying to load font information for LS1+stix2frak on input 
line 45.

(c:/texlive/2023/texmf-dist/tex/latex/stix2-type1/ls1stix2frak.fd
File: ls1stix2frak.fd 2018/04/02 v2.0.0-latex stix2 fraktur LS1 font definition
s
)
LaTeX Font Info:    Trying to load font information for LS1+stix2bb on input li
ne 45.

(c:/texlive/2023/texmf-dist/tex/latex/stix2-type1/ls1stix2bb.fd
File: ls1stix2bb.fd 2018/04/02 v2.0.0-latex stix2 blackboard LS1 font definitio
ns
)
LaTeX Font Info:    Trying to load font information for LS2+stix2cal on input l
ine 45.

(c:/texlive/2023/texmf-dist/tex/latex/stix2-type1/ls2stix2cal.fd
File: ls2stix2cal.fd 2018/04/02 v2.0.0-latex stix2 calligraphic LS2 font defini
tions
)
LaTeX Font Info:    Trying to load font information for LS1+stix2sf on input li
ne 45.

(c:/texlive/2023/texmf-dist/tex/latex/stix2-type1/ls1stix2sf.fd
File: ls1stix2sf.fd 2018/04/02 v2.0.0-latex stix2 sans-serif LS1 font definitio
ns
)
LaTeX Font Info:    Trying to load font information for LS2+stix2tt on input li
ne 45.

(c:/texlive/2023/texmf-dist/tex/latex/stix2-type1/ls2stix2tt.fd
File: ls2stix2tt.fd 2018/04/02 v2.0.0-latex stix2 typewriter LS2 font definitio
ns
)
LaTeX Font Info:    Trying to load font information for U+msa on input line 45.


(c:/texlive/2023/texmf-dist/tex/latex/amsfonts/umsa.fd
File: umsa.fd 2013/01/14 v3.01 AMS symbols A
)
LaTeX Font Info:    Trying to load font information for U+msb on input line 45.


(c:/texlive/2023/texmf-dist/tex/latex/amsfonts/umsb.fd
File: umsb.fd 2013/01/14 v3.01 AMS symbols B
) [1

{c:/texlive/2023/texmf-var/fonts/map/pdftex/updmap/pdftex.map}{c:/texlive/2023/
texmf-dist/fonts/enc/dvips/opensans/a_jg4h6q.enc}] [2

{c:/texlive/2023/texmf-dist/fonts/enc/dvips/stix2-type1/stix2-t1.enc}]
LaTeX Font Info:    Font shape `T1/stix2/m/sl' in size <12> not available
(Font)              Font shape `T1/stix2/m/it' tried instead on input line 57.
 [3

]
LaTeX Font Info:    Font shape `T1/opensans-TLF/bx/n' in size <18> not availabl
e
(Font)              Font shape `T1/opensans-TLF/b/n' tried instead on input lin
e 66.
LaTeX Font Info:    Font shape `T1/opensans-TLF/b/n' will be
(Font)              scaled to size 18.0pt on input line 66.
 (./diplomski_rad.toc
pdfTeX warning (ext4): destination with the same identifier (name{page.1}) has 
been already used, duplicate ignored
<to be read again> 
                   \relax 
l.28 ...na aplikacija za Android}{34}{section.4.5}
                                                  % [1


])
\tf@toc=\write4
\openout4 = `diplomski_rad.toc'.


pdfTeX warning (ext4): destination with the same identifier (name{page.2}) has 
been already used, duplicate ignored
<to be read again> 
                   \relax 
l.69 \chapter
             {Uvod} [2]
Poglavlje 1..

pdfTeX warning (ext4): destination with the same identifier (name{page.3}) has 
been already used, duplicate ignored
<to be read again> 
                   \relax 
l.83 	
       [3

]
LaTeX Font Info:    Trying to load font information for TS1+stix2 on input line
 93.
 (c:/texlive/2023/texmf-dist/tex/latex/stix2-type1/ts1stix2.fd
File: ts1stix2.fd 2018/04/02 v2.0.0-latex stix2 TS1 font definitions
)
[4{c:/texlive/2023/texmf-dist/fonts/enc/dvips/stix2-type1/stix2-ts1.enc}]
Poglavlje 2..
[5

]
Poglavlje 3..
<figures/igraca_poca.jpg, id=266, 4095.3pt x 3071.475pt>
File: figures/igraca_poca.jpg Graphic file (type jpg)
<use figures/igraca_poca.jpg>
Package pdftex.def Info: figures/igraca_poca.jpg  used on input line 125.
(pdftex.def)             Requested size: 441.01773pt x 330.73953pt.
LaTeX Font Info:    Font shape `T1/opensans-TLF/bx/n' in size <16> not availabl
e
(Font)              Font shape `T1/opensans-TLF/b/n' tried instead on input lin
e 130.
LaTeX Font Info:    Font shape `T1/opensans-TLF/b/n' will be
(Font)              scaled to size 16.0pt on input line 130.
<figures/elementi_igre.jpg, id=268, 4095.3pt x 3071.475pt>
File: figures/elementi_igre.jpg Graphic file (type jpg)
<use figures/elementi_igre.jpg>
Package pdftex.def Info: figures/elementi_igre.jpg  used on input line 135.
(pdftex.def)             Requested size: 441.01773pt x 330.73953pt.
[6

] [7 <./figures/igraca_poca.jpg>] [8 <./figures/elementi_igre.jpg>] [9]
Poglavlje 4..

Overfull \hbox (6.77394pt too wide) in paragraph at lines 152--153
\T1/stix2/m/n/12 Cijeli sus-tav je na vrlo vi-so-koj ra-zini ap-s-trak-cije opi
-san di-ja-gra-mom pri-ka-za-nim na slici []4.1.[]
 []



pdfTeX warning: pdflatex.exe (file ./figures/dijagram1.drawio.pdf): PDF inclusi
on: found PDF version <1.7>, but at most version <1.5> allowed
<figures/dijagram1.drawio.pdf, id=290, 277.035pt x 424.4658pt>
File: figures/dijagram1.drawio.pdf Graphic file (type pdf)
<use figures/dijagram1.drawio.pdf>
Package pdftex.def Info: figures/dijagram1.drawio.pdf  used on input line 156.
(pdftex.def)             Requested size: 282.25107pt x 432.45714pt.
[10

] [11 <./figures/dijagram1.drawio.pdf>]

pdfTeX warning: pdflatex.exe (file ./figures/dijagram2.drawio.pdf): PDF inclusi
on: found PDF version <1.7>, but at most version <1.5> allowed
<figures/dijagram2.drawio.pdf, id=311, 277.035pt x 475.7775pt>
File: figures/dijagram2.drawio.pdf Graphic file (type pdf)
<use figures/dijagram2.drawio.pdf>
Package pdftex.def Info: figures/dijagram2.drawio.pdf  used on input line 175.
(pdftex.def)             Requested size: 282.25107pt x 484.73486pt.
[12 <./figures/dijagram2.drawio.pdf>]
<figures/canny.png, id=328, 599.23875pt x 448.074pt>
File: figures/canny.png Graphic file (type png)
<use figures/canny.png>
Package pdftex.def Info: figures/canny.png  used on input line 188.
(pdftex.def)             Requested size: 441.01773pt x 329.77141pt.
 [13 <./figures/canny.png>]
<figures/morfoloske_transformacije.png, id=343, 599.23875pt x 448.074pt>
File: figures/morfoloske_transformacije.png Graphic file (type png)
<use figures/morfoloske_transformacije.png>
Package pdftex.def Info: figures/morfoloske_transformacije.png  used on input l
ine 197.
(pdftex.def)             Requested size: 441.01773pt x 329.77141pt.
<figures/kontura.png, id=348, 599.23875pt x 448.074pt>
File: figures/kontura.png Graphic file (type png)
<use figures/kontura.png>
Package pdftex.def Info: figures/kontura.png  used on input line 208.
(pdftex.def)             Requested size: 441.01773pt x 329.77141pt.
 [14 <./figures/morfoloske_transformacije.png>]
<figures/Hough.png, id=360, 599.23875pt x 448.074pt>
File: figures/Hough.png Graphic file (type png)
<use figures/Hough.png>
Package pdftex.def Info: figures/Hough.png  used on input line 217.
(pdftex.def)             Requested size: 441.01773pt x 329.77141pt.
 [15 <./figures/kontura.png>] [16 <./figures/Hough.png>]
<figures/Hough_clustered.png, id=377, 599.23875pt x 448.074pt>
File: figures/Hough_clustered.png Graphic file (type png)
<use figures/Hough_clustered.png>
Package pdftex.def Info: figures/Hough_clustered.png  used on input line 232.
(pdftex.def)             Requested size: 441.01773pt x 329.77141pt.
<figures/uglovi.png, id=381, 599.23875pt x 448.074pt>
File: figures/uglovi.png Graphic file (type png)
<use figures/uglovi.png>
Package pdftex.def Info: figures/uglovi.png  used on input line 243.
(pdftex.def)             Requested size: 441.01773pt x 329.77141pt.
 [17 <./figures/Hough_clustered.png>]
<figures/ispravljena_ploca.jpg, id=391, 1003.75pt x 501.875pt>
File: figures/ispravljena_ploca.jpg Graphic file (type jpg)
<use figures/ispravljena_ploca.jpg>
Package pdftex.def Info: figures/ispravljena_ploca.jpg  used on input line 254.

(pdftex.def)             Requested size: 441.01773pt x 220.5117pt.
 [18 <./figures/uglovi.png>]
<figures/resetka.png, id=400, 749.199pt x 373.395pt>
File: figures/resetka.png Graphic file (type png)
<use figures/resetka.png>
Package pdftex.def Info: figures/resetka.png  used on input line 266.
(pdftex.def)             Requested size: 441.01773pt x 219.79976pt.

[19 <./figures/ispravljena_ploca.jpg>] [20 <./figures/resetka.png>]
<figures/labeliranje_aplikacija.png, id=414, 603.4545pt x 551.05875pt>
File: figures/labeliranje_aplikacija.png Graphic file (type png)
<use figures/labeliranje_aplikacija.png>
Package pdftex.def Info: figures/labeliranje_aplikacija.png  used on input line
 296.
(pdftex.def)             Requested size: 441.01773pt x 402.732pt.
 [21]
[22 <./figures/labeliranje_aplikacija.png>] [23]
<figures/augmentacije_odvojeno.png, id=434, 353.52075pt x 263.7855pt>
File: figures/augmentacije_odvojeno.png Graphic file (type png)
<use figures/augmentacije_odvojeno.png>
Package pdftex.def Info: figures/augmentacije_odvojeno.png  used on input line 
342.
(pdftex.def)             Requested size: 264.61333pt x 197.45625pt.
<figures/augmentacije_nasumicno.png, id=435, 529.98pt x 528.7755pt>
File: figures/augmentacije_nasumicno.png Graphic file (type png)
<use figures/augmentacije_nasumicno.png>
Package pdftex.def Info: figures/augmentacije_nasumicno.png  used on input line
 349.
(pdftex.def)             Requested size: 441.01773pt x 440.02121pt.
 [24{c:/texlive/2023/texmf-dist/fonts/enc/dvips/stix2-type1/stix2-mathrm.enc}{c
:/texlive/2023/texmf-dist/fonts/enc/dvips/stix2-type1/stix2-mathscr.enc} <./fig
ures/augmentacije_odvojeno.png>] [25{c:/texlive/2023/texmf-dist/fonts/enc/dvips
/stix2-type1/stix2-mathit.enc} <./figures/augmentacije_nasumicno.png>]
Overfull \hbox (7.46103pt too wide) in paragraph at lines 362--363
\T1/stix2/m/n/12 tlina slike iz-nad una-pri-jed odre-že-nog gor-njeg praga svje
-tline, uzima se in-ter-val $\LS1/stix2/m/n/12 [0\LS1/stix2/m/it/12 :\LS1/stix2
/m/n/12 65\LS1/stix2/m/it/12 ; \LS1/stix2/m/n/12 1\LS1/stix2/m/it/12 :\LS1/stix
2/m/n/12 05]$\T1/stix2/m/n/12 .
 []


Overfull \hbox (10.15791pt too wide) in paragraph at lines 370--371
\T1/stix2/m/n/12 Odsjaj je si-mu-li-ran kao toŁ-kasto po-dru-Łje kon-cen-tri-ra
no vi-so-kog os-vjet-lje-nja koje se kruşno
 []

[26] [27{c:/texlive/2023/texmf-dist/fonts/enc/dvips/stix2-type1/stix2-mathex.en
c}] [28] [29] [30]

pdfTeX warning: pdflatex.exe (file ./figures/konv_blok2.drawio.pdf): PDF inclus
ion: found PDF version <1.7>, but at most version <1.5> allowed
<figures/konv_blok2.drawio.pdf, id=491, 174.6525pt x 355.3275pt>
File: figures/konv_blok2.drawio.pdf Graphic file (type pdf)
<use figures/konv_blok2.drawio.pdf>
Package pdftex.def Info: figures/konv_blok2.drawio.pdf  used on input line 419.

(pdftex.def)             Requested size: 198.45662pt x 403.78171pt.


pdfTeX warning: pdflatex.exe (file ./figures/lin_blok1.drawio.pdf): PDF inclusi
on: found PDF version <1.7>, but at most version <1.5> allowed
<figures/lin_blok1.drawio.pdf, id=492, 174.6525pt x 270.0489pt>
File: figures/lin_blok1.drawio.pdf Graphic file (type pdf)
<use figures/lin_blok1.drawio.pdf>
Package pdftex.def Info: figures/lin_blok1.drawio.pdf  used on input line 425.
(pdftex.def)             Requested size: 198.45662pt x 306.87413pt.
[31 <./figures/konv_blok2.drawio.pdf> <./figures/lin_blok1.drawio.pdf>]
Overfull \hbox (2.00516pt too wide) in paragraph at lines 476--477
\T1/stix2/m/n/12 Tijekom uŁe-nja ko-risti se gu-bi-tak una-kr-sne en-tro-pije, 
dok se za op-ti-mi-za-ciju ko-risti Adam
 []

[32] [33] [34]
<figures/app_main.jpg, id=554, 813.0375pt x 1588.43437pt>
File: figures/app_main.jpg Graphic file (type jpg)
<use figures/app_main.jpg>
Package pdftex.def Info: figures/app_main.jpg  used on input line 562.
(pdftex.def)             Requested size: 132.30666pt x 258.46896pt.

Underfull \hbox (badness 10000) in paragraph at lines 563--563
[]\T1/stix2/b/n/10 (a) |\T1/stix2/m/n/10 Po-Łetni zas-lon An-droid
 []

<figures/photo_menu.jpg, id=555, 813.0375pt x 1588.43437pt>
File: figures/photo_menu.jpg Graphic file (type jpg)
<use figures/photo_menu.jpg>
Package pdftex.def Info: figures/photo_menu.jpg  used on input line 568.
(pdftex.def)             Requested size: 132.30666pt x 258.46896pt.
<figures/detected_board.jpg, id=556, 813.0375pt x 1588.43437pt>
File: figures/detected_board.jpg Graphic file (type jpg)
<use figures/detected_board.jpg>
Package pdftex.def Info: figures/detected_board.jpg  used on input line 574.
(pdftex.def)             Requested size: 132.30666pt x 258.46896pt.
<figures/board_model.jpg, id=557, 813.0375pt x 1588.43437pt>
File: figures/board_model.jpg Graphic file (type jpg)
<use figures/board_model.jpg>
Package pdftex.def Info: figures/board_model.jpg  used on input line 582.
(pdftex.def)             Requested size: 132.30666pt x 258.46896pt.
<figures/player_scores.jpg, id=558, 813.0375pt x 1588.43437pt>
File: figures/player_scores.jpg Graphic file (type jpg)
<use figures/player_scores.jpg>
Package pdftex.def Info: figures/player_scores.jpg  used on input line 588.
(pdftex.def)             Requested size: 132.30666pt x 258.46896pt.
[35] [36 <./figures/app_main.jpg> <./figures/photo_menu.jpg> <./figures/detecte
d_board.jpg> <./figures/board_model.jpg> <./figures/player_scores.jpg>]
[37] [38]
LaTeX Font Info:    Font shape `T1/opensans-TLF/bx/it' in size <14> not availab
le
(Font)              Font shape `T1/opensans-TLF/b/it' tried instead on input li
ne 616.
LaTeX Font Info:    Font shape `T1/opensans-TLF/b/it' will be
(Font)              scaled to size 14.0pt on input line 616.
 [39] [40]
Poglavlje 5..
[41

] (./diplomski_rad.bbl [42] [43

] [44]) [45] [46

] [47

]
pdfTeX warning (ext4): destination with the same identifier (name{chapter.1}) h
as been already used, duplicate ignored
<to be read again> 
                   \relax 
l.711 ...skupa podataka i klasifikacijskih modela}
                                                  
Privitak A.

Package hyperref Warning: Difference (2) between bookmark levels is greater 
(hyperref)                than one, level fixed on input line 716.


Overfull \hbox (44.08174pt too wide) in paragraph at lines 720--721
\T1/stix2/m/n/12 ra-diti skup po-da-taka. Njih je po-trebno spre-miti u di-rek-
to-rij \T1/stix2/m/it/12 da-ta-set/board/original_board_images\T1/stix2/m/n/12 
. 
 []

[48


]
Overfull \hbox (6.7977pt too wide) in paragraph at lines 725--726
\T1/stix2/m/n/12 na slici []4.11.[] Oz-nake se spre-maju u da-to-teku \T1/stix2
/m/it/12 da-ta-set/cells/original_cell_images/labels.json\T1/stix2/m/n/12 . 
 []


Overfull \hbox (51.1091pt too wide) in paragraph at lines 728--729
\T1/stix2/m/n/12 Nakon ˛to su svi po-daci oz-na-Łeni, do-voljno je po-kre-nuti 
skriptu \T1/stix2/m/it/12 da-ta-set_framework/split_dataset.py
 []


Overfull \hbox (30.77065pt too wide) in paragraph at lines 730--731
[]\T1/stix2/m/n/12 Za ge-ne-ri-ra-nje po-gleda do-voljno je po-kre-nuti skriptu
 \T1/stix2/m/it/12 da-ta-set_framework/generate_views.py\T1/stix2/m/n/12 .
 []

[49]
Overfull \hbox (4.85391pt too wide) in paragraph at lines 734--735
\T1/stix2/m/n/12 ˘ih oz-naka. Za to je po-trebno po-kre-nuti skriptu \T1/stix2/
m/it/12 da-ta-set_framework/dataset_validation.py\T1/stix2/m/n/12 . 
 []

[50] [51] [52] (./diplomski_rad.aux)
 ***********
LaTeX2e <2023-06-01> patch level 1
L3 programming layer <2023-10-10>
 ***********


 *File List*
     fer.cls    2025/12/12 FER3
  report.cls    2023/05/17 v1.4n Standard LaTeX document class
  size12.clo    2023/05/17 v1.4n Standard LaTeX file (size option)
 ltxcmds.sty    2020-05-10 v1.25 LaTeX kernel commands for general use (HO)
letltxmacro.sty    2019/12/03 v1.6 Let assignment for LaTeX macros (HO)
etoolbox.sty    2020/10/05 v2.5k e-TeX tools for LaTeX (JAW)
 fontenc.sty    2021/04/29 v2.0v Standard LaTeX package
inputenc.sty    2021/02/14 v1.3d Input encoding file
opensans.sty    2019/06/20 Style file for Open Sans.
fontaxes.sty    2020/07/21 v1.0e Font selection axes
ifluatex.sty    2019/10/25 v1.5 ifluatex legacy package. Use iftex instead.
   iftex.sty    2022/02/03 v1.0f TeX engine tests
 ifxetex.sty    2019/10/25 v0.7 ifxetex legacy package. Use iftex instead.
 xkeyval.sty    2022/06/16 v2.9 package option processing (HA)
 xkeyval.tex    2014/12/03 v2.7a key=value parser (HA)
   stix2.sty    2021/01/14 v2.0.2-latex STIX Two fonts support package
textcomp.sty    2020/02/02 v2.0n Standard LaTeX package
glyphtounicode.tex
   babel.sty    2023/09/29 v3.95 The Babel package
 english.ldf    2017/06/06 v3.3r English support from the babel system
croatian.ldf    2014/03/31 v1.3m Croatian support from the babel system
babel-croatian.tex
babel-english.tex
geometry.sty    2020/01/02 v5.9 Page Geometry
  ifvtex.sty    2019/10/25 v1.7 ifvtex legacy package. Use iftex instead.
setspace.sty    2022/12/04 v6.7b set line spacing
 parskip.sty    2021-03-14 v2.0h non-zero parskip adjustments
kvoptions.sty    2022-06-15 v3.15 Key value format for package options (HO)
kvsetkeys.sty    2022-10-05 v1.19 Key value parser (HO)
pdfpages.sty    2022/12/19 v0.5x Insert pages of external PDF documents (AM)
  ifthen.sty    2022/04/13 v1.1d Standard LaTeX ifthen package (DPC)
    calc.sty    2017/05/25 v4.3 Infix arithmetic (KKT,FJ)
 eso-pic.sty    2023/05/03 v3.0c eso-pic (RN)
  xcolor.sty    2022/06/12 v2.14 LaTeX color extensions (UK)
   color.cfg    2016/01/02 v1.6 sample color configuration
  pdftex.def    2022/09/22 v1.2b Graphics/color driver for pdftex
mathcolor.ltx
graphicx.sty    2021/09/16 v1.2d Enhanced LaTeX Graphics (DPC,SPQR)
graphics.sty    2022/03/10 v1.4e Standard LaTeX Graphics (DPC,SPQR)
    trig.sty    2021/08/11 v1.11 sin cos tan (DPC)
graphics.cfg    2016/06/04 v1.11 sample graphics configuration
pppdftex.def    2022/12/19 v0.5x Pdfpages driver for pdfTeX (AM)
 caption.sty    2023/08/05 v3.6o Customizing captions (AR)
caption3.sty    2023/07/31 v2.4d caption3 kernel (AR)
 amssymb.sty    2013/01/14 v3.01 AMS font symbols
amsfonts.sty    2013/01/14 v3.01 Basic AMSFonts support
 amsmath.sty    2023/05/13 v2.17o AMS math features
 amstext.sty    2021/08/26 v2.01 AMS text
  amsgen.sty    1999/11/30 v2.0 generic functions
  amsbsy.sty    1999/11/29 v1.2d Bold Symbols
  amsopn.sty    2022/04/08 v2.04 operator names
tocbibind.sty    2010/10/13 v1.5k extra ToC listings
hyperref.sty    2023-07-08 v7.01b Hypertext links for LaTeX
pdftexcmds.sty    2020-06-27 v0.33 Utility functions of pdfTeX for LuaTeX (HO)
infwarerr.sty    2019/12/03 v1.5 Providing info/warning/error messages (HO)
kvdefinekeys.sty    2019-12-19 v1.6 Define keys (HO)
pdfescape.sty    2019/12/09 v1.15 Implements pdfTeX's escape features (HO)
 hycolor.sty    2020-01-27 v1.10 Color options for hyperref/bookmark (HO)
 auxhook.sty    2019-12-17 v1.6 Hooks for auxiliary files (HO)
 nameref.sty    2023-08-07 v2.53 Cross-referencing by name of section
refcount.sty    2019/12/15 v3.6 Data extraction from label references (HO)
gettitlestring.sty    2019/12/15 v1.6 Cleanup title references (HO)
  pd1enc.def    2023-07-08 v7.01b Hyperref: PDFDocEncoding definition (HO)
 intcalc.sty    2019/12/15 v1.3 Expandable calculations with integers (HO)
   puenc.def    2023-07-08 v7.01b Hyperref: PDF Unicode definition (HO)
     url.sty    2013/09/16  ver 3.4  Verb mode for urls, etc.
  bitset.sty    2019/12/09 v1.3 Handle bit-vector datatype (HO)
bigintcalc.sty    2019/12/15 v1.5 Expandable calculations on big integers (HO)
atbegshi-ltx.sty    2021/01/10 v1.0c Emulation of the original atbegshi
package with kernel methods
 hpdftex.def    2023-07-08 v7.01b Hyperref driver for pdfTeX
atveryend-ltx.sty    2020/08/19 v1.0a Emulation of the original atveryend packa
ge
with kernel methods
rerunfilecheck.sty    2022-07-10 v1.10 Rerun checks for auxiliary files (HO)
uniquecounter.sty    2019/12/15 v1.4 Provide unlimited unique counter (HO)
blindtext.sty    2012/01/06 V2.0 blindtext-Package
  xspace.sty    2014/10/28 v1.13 Space after command names (DPC,MH)
makecell.sty    2009/08/03 V0.1e Managing of Tab Column Heads and Cells
   array.sty    2022/09/04 v2.5g Tabular extension package (FMi)
adjustbox.sty    2022/10/17 v1.3a Adjusting TeX boxes (trim, clip, ...)
 adjcalc.sty    2012/05/16 v1.1 Provides advanced setlength with multiple back-
ends (calc, etex, pgfmath)
trimclip.sty    2020/08/19 v1.2 Trim and clip general TeX material
collectbox.sty    2022/10/17 v0.4c Collect macro arguments as boxes
tc-pdftex.def    2019/01/04 v2.2 Clipping driver for pdftex
ifoddpage.sty    2022/10/18 v1.2 Conditionals for odd/even page detection
varwidth.sty    2009/03/30 ver 0.92;  Variable-width minipages
booktabs.sty    2020/01/12 v1.61803398 Publication quality tables
subcaption.sty    2023/07/28 v1.6b Sub-captions (AR)
 t1stix2.fd    2018/04/02 v2.0.0-latex stix2 T1 font definitions
l3backend-pdftex.def    2023-10-10 L3 backend support: PDF output (pdfTeX)
ls1stix2.fd    2018/04/02 v2.0.0-latex stix2 LS1 font definitions
ls2stix2.fd    2018/04/02 v2.0.0-latex stix2 LS2 font definitions
supp-pdf.mkii
epstopdf-base.sty    2020-01-24 v2.11 Base part for package epstopdf
epstopdf-sys.cfg    2010/07/13 v1.3 Configuration of (r)epstopdf for TeX Live
pdflscape.sty    2022-10-27 v0.13 Display of landscape pages in PDF
pdflscape-nometadata.sty    2022-10-28 v0.13 Display of landscape pages in PDF 
(HO)
  lscape.sty    2020/05/28 v3.02 Landscape Pages (DPC)
diplomski_rad.out
diplomski_rad.out
t1opensans-tlf.fd
ls1stix2scr.fd    2018/04/02 v2.0.0-latex stix2 script LS1 font definitions
ls2stix2ex.fd    2018/04/02 v2.0.0-latex stix2 extentions LS2 font definitions
ls1stix2frak.fd    2018/04/02 v2.0.0-latex stix2 fraktur LS1 font definitions
ls1stix2bb.fd    2018/04/02 v2.0.0-latex stix2 blackboard LS1 font definitions
ls2stix2cal.fd    2018/04/02 v2.0.0-latex stix2 calligraphic LS2 font definitio
ns
ls1stix2sf.fd    2018/04/02 v2.0.0-latex stix2 sans-serif LS1 font definitions
ls2stix2tt.fd    2018/04/02 v2.0.0-latex stix2 typewriter LS2 font definitions
    umsa.fd    2013/01/14 v3.01 AMS symbols A
    umsb.fd    2013/01/14 v3.01 AMS symbols B
ts1stix2.fd    2018/04/02 v2.0.0-latex stix2 TS1 font definitions
figures/igraca_poca.jpg
figures/elementi_igre.jpg
figures/dijagram1.drawio.pdf
figures/dijagram2.drawio.pdf
figures/canny.png
figures/morfoloske_transformacije.png
figures/kontura.png
figures/Hough.png
figures/Hough_clustered.png
figures/uglovi.png
figures/ispravljena_ploca.jpg
figures/resetka.png
figures/labeliranje_aplikacija.png
figures/augmentacije_odvojeno.png
figures/augmentacije_nasumicno.png
figures/konv_blok2.drawio.pdf
figures/lin_blok1.drawio.pdf
figures/app_main.jpg
figures/photo_menu.jpg
figures/detected_board.jpg
figures/board_model.jpg
figures/player_scores.jpg
diplomski_rad.bbl
 ***********

Package rerunfilecheck Info: File `diplomski_rad.out' has not changed.
(rerunfilecheck)             Checksum: 2F40BD6FCD4A1FEFD6F8DF3ACDE3E45A;7462.
 ) 
Here is how much of TeX's memory you used:
 19606 strings out of 474503
 307684 string characters out of 5756704
 1945043 words of memory out of 5000000
 41103 multiletter control sequences out of 15000+600000
 667587 words of font info for 144 fonts, out of 8000000 for 9000
 1141 hyphenation exceptions out of 8191
 87i,16n,131p,1731b,738s stack positions out of 10000i,1000n,20000p,200000b,200000s
<c:/texlive/2023/texmf-dist/fonts/type1/ascender/opensans/OpenSans-Bold.pfb><
c:/texlive/2023/texmf-dist/fonts/type1/ascender/opensans/OpenSans-BoldItalic.pf
b><c:/texlive/2023/texmf-dist/fonts/type1/ascender/opensans/OpenSans-Regular.pf
b><c:/texlive/2023/texmf-dist/fonts/type1/public/stix2-type1/STIX2Math.pfb><c:/
texlive/2023/texmf-dist/fonts/type1/public/stix2-type1/STIX2Text-Bold.pfb><c:/t
exlive/2023/texmf-dist/fonts/type1/public/stix2-type1/STIX2Text-Italic.pfb><c:/
texlive/2023/texmf-dist/fonts/type1/public/stix2-type1/STIX2Text-Regular.pfb>
Output written on diplomski_rad.pdf (55 pages, 13542282 bytes).
PDF statistics:
 793 PDF objects out of 1000 (max. 8388607)
 671 compressed objects within 7 object streams
 138 named destinations out of 1000 (max. 500000)
 447 words of extra memory for PDF output out of 10000 (max. 10000000)

